
Window : dist

Clip : "WTSAPI32.dll"

Window : Windows Task Manager

Window : Reload

Window : C:\Users\VSpectrum\PycharmProjects\keylogapp\dist\kl.log - Notepad++

Window : *new 2 - Notepad++
<ctrl>a</ctrl><backspace><shift>o</shift>k new capm<backspace><backspace>mpaign<shift>11
Window : C:\Users\VSpectrum\PycharmProjects\keylogapp\dist\kl.log - Notepad++
</shift>
Window : *new 2 - Notepad++

Window : C:\Users\VSpectrum\PycharmProjects\keylogapp\dist\kl.log - Notepad++

Window : Windows Task Manager

Window : Reload

Window : C:\Users\VSpectrum\PycharmProjects\keylogapp\dist\kl.log - Notepad++

Window : 01-elliot_minor-time_after_time.mp3

Window : Reload

Window : C:\Users\VSpectrum\PycharmProjects\keylogapp\dist\kl.log - Notepad++

Window : *new 2 - Notepad++

Window : keylogapp - [C:\Users\VSpectrum\PycharmProjects\keylogapp] - ...\keylog.py - PyCharm 2016.3.1

Window : Delete

Window : keylogapp - [C:\Users\VSpectrum\PycharmProjects\keylogapp] - ...\keylog.py - PyCharm 2016.3.1
delete
delete

Window : Delete

Window : keylogapp - [C:\Users\VSpectrum\PycharmProjects\keylogapp] - ...\keylog.py - PyCharm 2016.3.1
delete

Window : python - How to get py2exe to build in copyright information - Stack Overflow - Google Chrome

Window : New Tab - Google Chrome
python sharing a<backspace>variables between fil
Window : python sharing variables between files - Google Search - Google Chrome
es

Window : python - Using global variables between files? - Stack Overflow - Google Chrome

Window : keylogapp - [C:\Users\VSpectrum\PycharmProjects\keylogapp] - ...\keylog.py - PyCharm 2016.3.1

Window : python - Using global variables between files? - Stack Overflow - Google Chrome
python make service

Window : python make service - Google Search - Google Chrome
 wi
Window : python make service windows - Google Search - Google Chrome
ndows

Window : stackoverflow.com/questions/32404/is-it-possible-to-run-a-python-script-as-a-service-in-windows-if-possible-how - Google Chrome

Window : Is it possible to run a Python script as a service in Windows? If possible, how? - Stack Overflow - Google Chrome

Window : python - How to get py2exe to build in copyright information - Stack Overflow - Google Chrome

Window : ListOfOptions - py2exe.org - Google Chrome

Window : New Tab - Google Chrome
cherlton millette birthday

Window : cherlton millette birthday - Google Search - Google Chrome

Window : Cherlton Millette - Google+ - Google Chrome

Window : Is it possible to run a Python script as a service in Windows? If possible, how? - Stack Overflow - Google Chrome

Window : New Tab - Google Chrome
f
Window : Facebook - Google Chrome


Window : Is it possible to run a Python script as a service in Windows? If possible, how? - Stack Overflow - Google Chrome

Window : Facebook - Google Chrome

Window : python - How to get py2exe to build in copyright information - Stack Overflow - Google Chrome

Window : keylogapp - [C:\Users\VSpectrum\PycharmProjects\keylogapp] - ...\keylog.py - PyCharm 2016.3.1

Window : Settings

Window : New Tab - Google Chrome
git

Window : GitHub - Google Chrome

Window : VSpectrum (Veydh Gooljar) - Google Chrome

Window : Your Profile - Google Chrome

Window : SSH and GPG keys - Google Chrome

Window : Developer applications - Google Chrome

Window : Installed integrations - Google Chrome

Window : Authorized applications - Google Chrome

Window : Saved replies - Google Chrome

Window : Organizations - Google Chrome

Window : Repositories - Google Chrome

Window : Blocked users - Google Chrome

Window : Security - Google Chrome

Window : SSH and GPG keys - Google Chrome

Window : Billing - Google Chrome

Window : Your Profile - Google Chrome

Window : Settings
vgooljar<shift>2</shift>gmail.com<tab><shift>a</shift>sakura4410
Window : Success

Window : Settings

Window : keylogapp - [C:\Users\VSpectrum\PycharmProjects\keylogapp] - ...\keylog.py - PyCharm 2016.3.1

Window : Clone Repository

Window : keylogapp - [C:\Users\VSpectrum\PycharmProjects\keylogapp] - ...\keylog.py - PyCharm 2016.3.1

Window : Enable Version Control Integration

Window : keylogapp - [C:\Users\VSpectrum\PycharmProjects\keylogapp] - ...\keylog.py - PyCharm 2016.3.1

Window : dist

Window : keylogapp

Window : MINGW64:/c/Users/VSpectrum/PycharmProjects/keylogapp
git add .<backspace><backspace><backspace><backspace><backspace>status
fi<backspace><backspace><backspace>git add ,.<backspace><backspace>